C:\USERS\LENOVO\DESKTOP\TEMA-1 EGC\LAB2\DEBUG\DRAWINGWINDOW.OBJ
C:\USERS\LENOVO\DESKTOP\TEMA-1 EGC\LAB2\DEBUG\TRANSFORM2D.OBJ
C:\USERS\LENOVO\DESKTOP\TEMA-1 EGC\LAB2\DEBUG\VISUAL2D.OBJ
C:\USERS\LENOVO\DESKTOP\TEMA-1 EGC\LAB2\DEBUG\LODEPNG.OBJ
C:\USERS\LENOVO\DESKTOP\TEMA-1 EGC\LAB2\DEBUG\MAIN.OBJ
C:\USERS\LENOVO\DESKTOP\TEMA-1 EGC\LAB2\DEBUG\TGA.OBJ
C:\USERS\LENOVO\DESKTOP\TEMA-1 EGC\LAB2\DEBUG\VC110.PDB
C:\Users\lenovo\Desktop\Tema-1 EGC\lab2\Debug\DrawingWindow.obj
C:\Users\lenovo\Desktop\Tema-1 EGC\lab2\Debug\lodepng.obj
C:\Users\lenovo\Desktop\Tema-1 EGC\lab2\Debug\main.obj
C:\Users\lenovo\Desktop\Tema-1 EGC\lab2\Debug\tga.obj
C:\Users\lenovo\Desktop\Tema-1 EGC\lab2\Debug\Transform2D.obj
C:\Users\lenovo\Desktop\Tema-1 EGC\lab2\Debug\Visual2D.obj
C:\Users\lenovo\Desktop\Tema-1 EGC\lab2\Debug\cl.command.1.tlog
C:\Users\lenovo\Desktop\Tema-1 EGC\lab2\Debug\CL.read.1.tlog
C:\Users\lenovo\Desktop\Tema-1 EGC\lab2\Debug\CL.write.1.tlog
C:\Users\lenovo\Desktop\Tema-1 EGC\lab2\Debug\link-cvtres.read.1.tlog
C:\Users\lenovo\Desktop\Tema-1 EGC\lab2\Debug\link-cvtres.write.1.tlog
C:\Users\lenovo\Desktop\Tema-1 EGC\lab2\Debug\link-rc.read.1.tlog
C:\Users\lenovo\Desktop\Tema-1 EGC\lab2\Debug\link-rc.write.1.tlog
C:\Users\lenovo\Desktop\Tema-1 EGC\lab2\Debug\link.1016-cvtres.read.1.tlog
C:\Users\lenovo\Desktop\Tema-1 EGC\lab2\Debug\link.1016-cvtres.write.1.tlog
C:\Users\lenovo\Desktop\Tema-1 EGC\lab2\Debug\link.1016-rc.read.1.tlog
C:\Users\lenovo\Desktop\Tema-1 EGC\lab2\Debug\link.1016-rc.write.1.tlog
C:\Users\lenovo\Desktop\Tema-1 EGC\lab2\Debug\link.1016.read.1.tlog
C:\Users\lenovo\Desktop\Tema-1 EGC\lab2\Debug\link.1016.write.1.tlog
C:\Users\lenovo\Desktop\Tema-1 EGC\lab2\Debug\link.1084-cvtres.read.1.tlog
C:\Users\lenovo\Desktop\Tema-1 EGC\lab2\Debug\link.1084-cvtres.write.1.tlog
C:\Users\lenovo\Desktop\Tema-1 EGC\lab2\Debug\link.1084-rc.read.1.tlog
C:\Users\lenovo\Desktop\Tema-1 EGC\lab2\Debug\link.1084-rc.write.1.tlog
C:\Users\lenovo\Desktop\Tema-1 EGC\lab2\Debug\link.1084.read.1.tlog
C:\Users\lenovo\Desktop\Tema-1 EGC\lab2\Debug\link.1084.write.1.tlog
C:\Users\lenovo\Desktop\Tema-1 EGC\lab2\Debug\link.1216-cvtres.read.1.tlog
C:\Users\lenovo\Desktop\Tema-1 EGC\lab2\Debug\link.1216-cvtres.write.1.tlog
C:\Users\lenovo\Desktop\Tema-1 EGC\lab2\Debug\link.1216-rc.read.1.tlog
C:\Users\lenovo\Desktop\Tema-1 EGC\lab2\Debug\link.1216-rc.write.1.tlog
C:\Users\lenovo\Desktop\Tema-1 EGC\lab2\Debug\link.1216.read.1.tlog
C:\Users\lenovo\Desktop\Tema-1 EGC\lab2\Debug\link.1216.write.1.tlog
C:\Users\lenovo\Desktop\Tema-1 EGC\lab2\Debug\link.1856-cvtres.read.1.tlog
C:\Users\lenovo\Desktop\Tema-1 EGC\lab2\Debug\link.1856-cvtres.write.1.tlog
C:\Users\lenovo\Desktop\Tema-1 EGC\lab2\Debug\link.1856-rc.read.1.tlog
C:\Users\lenovo\Desktop\Tema-1 EGC\lab2\Debug\link.1856-rc.write.1.tlog
C:\Users\lenovo\Desktop\Tema-1 EGC\lab2\Debug\link.1856.read.1.tlog
C:\Users\lenovo\Desktop\Tema-1 EGC\lab2\Debug\link.1856.write.1.tlog
C:\Users\lenovo\Desktop\Tema-1 EGC\lab2\Debug\link.2868-cvtres.read.1.tlog
C:\Users\lenovo\Desktop\Tema-1 EGC\lab2\Debug\link.2868-cvtres.write.1.tlog
C:\Users\lenovo\Desktop\Tema-1 EGC\lab2\Debug\link.2868-rc.read.1.tlog
C:\Users\lenovo\Desktop\Tema-1 EGC\lab2\Debug\link.2868-rc.write.1.tlog
C:\Users\lenovo\Desktop\Tema-1 EGC\lab2\Debug\link.2868.read.1.tlog
C:\Users\lenovo\Desktop\Tema-1 EGC\lab2\Debug\link.2868.write.1.tlog
C:\Users\lenovo\Desktop\Tema-1 EGC\lab2\Debug\link.2892-cvtres.read.1.tlog
C:\Users\lenovo\Desktop\Tema-1 EGC\lab2\Debug\link.2892-cvtres.write.1.tlog
C:\Users\lenovo\Desktop\Tema-1 EGC\lab2\Debug\link.2892-rc.read.1.tlog
C:\Users\lenovo\Desktop\Tema-1 EGC\lab2\Debug\link.2892-rc.write.1.tlog
C:\Users\lenovo\Desktop\Tema-1 EGC\lab2\Debug\link.2892.read.1.tlog
C:\Users\lenovo\Desktop\Tema-1 EGC\lab2\Debug\link.2892.write.1.tlog
C:\Users\lenovo\Desktop\Tema-1 EGC\lab2\Debug\link.3344-cvtres.read.1.tlog
C:\Users\lenovo\Desktop\Tema-1 EGC\lab2\Debug\link.3344-cvtres.write.1.tlog
C:\Users\lenovo\Desktop\Tema-1 EGC\lab2\Debug\link.3344-rc.read.1.tlog
C:\Users\lenovo\Desktop\Tema-1 EGC\lab2\Debug\link.3344-rc.write.1.tlog
C:\Users\lenovo\Desktop\Tema-1 EGC\lab2\Debug\link.3344.read.1.tlog
C:\Users\lenovo\Desktop\Tema-1 EGC\lab2\Debug\link.3344.write.1.tlog
C:\Users\lenovo\Desktop\Tema-1 EGC\lab2\Debug\link.3808-cvtres.read.1.tlog
C:\Users\lenovo\Desktop\Tema-1 EGC\lab2\Debug\link.3808-cvtres.write.1.tlog
C:\Users\lenovo\Desktop\Tema-1 EGC\lab2\Debug\link.3808-rc.read.1.tlog
C:\Users\lenovo\Desktop\Tema-1 EGC\lab2\Debug\link.3808-rc.write.1.tlog
C:\Users\lenovo\Desktop\Tema-1 EGC\lab2\Debug\link.3808.read.1.tlog
C:\Users\lenovo\Desktop\Tema-1 EGC\lab2\Debug\link.3808.write.1.tlog
C:\Users\lenovo\Desktop\Tema-1 EGC\lab2\Debug\link.3884-cvtres.read.1.tlog
C:\Users\lenovo\Desktop\Tema-1 EGC\lab2\Debug\link.3884-cvtres.write.1.tlog
C:\Users\lenovo\Desktop\Tema-1 EGC\lab2\Debug\link.3884-rc.read.1.tlog
C:\Users\lenovo\Desktop\Tema-1 EGC\lab2\Debug\link.3884-rc.write.1.tlog
C:\Users\lenovo\Desktop\Tema-1 EGC\lab2\Debug\link.3884.read.1.tlog
C:\Users\lenovo\Desktop\Tema-1 EGC\lab2\Debug\link.3884.write.1.tlog
C:\Users\lenovo\Desktop\Tema-1 EGC\lab2\Debug\link.4216-cvtres.read.1.tlog
C:\Users\lenovo\Desktop\Tema-1 EGC\lab2\Debug\link.4216-cvtres.write.1.tlog
C:\Users\lenovo\Desktop\Tema-1 EGC\lab2\Debug\link.4216-rc.read.1.tlog
C:\Users\lenovo\Desktop\Tema-1 EGC\lab2\Debug\link.4216-rc.write.1.tlog
C:\Users\lenovo\Desktop\Tema-1 EGC\lab2\Debug\link.4216.read.1.tlog
C:\Users\lenovo\Desktop\Tema-1 EGC\lab2\Debug\link.4216.write.1.tlog
C:\Users\lenovo\Desktop\Tema-1 EGC\lab2\Debug\link.4280-cvtres.read.1.tlog
C:\Users\lenovo\Desktop\Tema-1 EGC\lab2\Debug\link.4280-cvtres.write.1.tlog
C:\Users\lenovo\Desktop\Tema-1 EGC\lab2\Debug\link.4280-rc.read.1.tlog
C:\Users\lenovo\Desktop\Tema-1 EGC\lab2\Debug\link.4280-rc.write.1.tlog
C:\Users\lenovo\Desktop\Tema-1 EGC\lab2\Debug\link.4280.read.1.tlog
C:\Users\lenovo\Desktop\Tema-1 EGC\lab2\Debug\link.4280.write.1.tlog
C:\Users\lenovo\Desktop\Tema-1 EGC\lab2\Debug\link.4292-cvtres.read.1.tlog
C:\Users\lenovo\Desktop\Tema-1 EGC\lab2\Debug\link.4292-cvtres.write.1.tlog
C:\Users\lenovo\Desktop\Tema-1 EGC\lab2\Debug\link.4292-rc.read.1.tlog
C:\Users\lenovo\Desktop\Tema-1 EGC\lab2\Debug\link.4292-rc.write.1.tlog
C:\Users\lenovo\Desktop\Tema-1 EGC\lab2\Debug\link.4292.read.1.tlog
C:\Users\lenovo\Desktop\Tema-1 EGC\lab2\Debug\link.4292.write.1.tlog
C:\Users\lenovo\Desktop\Tema-1 EGC\lab2\Debug\link.5168-cvtres.read.1.tlog
C:\Users\lenovo\Desktop\Tema-1 EGC\lab2\Debug\link.5168-cvtres.write.1.tlog
C:\Users\lenovo\Desktop\Tema-1 EGC\lab2\Debug\link.5168-rc.read.1.tlog
C:\Users\lenovo\Desktop\Tema-1 EGC\lab2\Debug\link.5168-rc.write.1.tlog
C:\Users\lenovo\Desktop\Tema-1 EGC\lab2\Debug\link.5168.read.1.tlog
C:\Users\lenovo\Desktop\Tema-1 EGC\lab2\Debug\link.5168.write.1.tlog
C:\Users\lenovo\Desktop\Tema-1 EGC\lab2\Debug\link.5200-cvtres.read.1.tlog
C:\Users\lenovo\Desktop\Tema-1 EGC\lab2\Debug\link.5200-cvtres.write.1.tlog
C:\Users\lenovo\Desktop\Tema-1 EGC\lab2\Debug\link.5200-rc.read.1.tlog
C:\Users\lenovo\Desktop\Tema-1 EGC\lab2\Debug\link.5200-rc.write.1.tlog
C:\Users\lenovo\Desktop\Tema-1 EGC\lab2\Debug\link.5200.read.1.tlog
C:\Users\lenovo\Desktop\Tema-1 EGC\lab2\Debug\link.5200.write.1.tlog
C:\Users\lenovo\Desktop\Tema-1 EGC\lab2\Debug\link.5300-cvtres.read.1.tlog
C:\Users\lenovo\Desktop\Tema-1 EGC\lab2\Debug\link.5300-cvtres.write.1.tlog
C:\Users\lenovo\Desktop\Tema-1 EGC\lab2\Debug\link.5300-rc.read.1.tlog
C:\Users\lenovo\Desktop\Tema-1 EGC\lab2\Debug\link.5300-rc.write.1.tlog
C:\Users\lenovo\Desktop\Tema-1 EGC\lab2\Debug\link.5300.read.1.tlog
C:\Users\lenovo\Desktop\Tema-1 EGC\lab2\Debug\link.5300.write.1.tlog
C:\Users\lenovo\Desktop\Tema-1 EGC\lab2\Debug\link.5384-cvtres.read.1.tlog
C:\Users\lenovo\Desktop\Tema-1 EGC\lab2\Debug\link.5384-cvtres.write.1.tlog
C:\Users\lenovo\Desktop\Tema-1 EGC\lab2\Debug\link.5384-rc.read.1.tlog
C:\Users\lenovo\Desktop\Tema-1 EGC\lab2\Debug\link.5384-rc.write.1.tlog
C:\Users\lenovo\Desktop\Tema-1 EGC\lab2\Debug\link.5384.read.1.tlog
C:\Users\lenovo\Desktop\Tema-1 EGC\lab2\Debug\link.5384.write.1.tlog
C:\Users\lenovo\Desktop\Tema-1 EGC\lab2\Debug\link.5564-cvtres.read.1.tlog
C:\Users\lenovo\Desktop\Tema-1 EGC\lab2\Debug\link.5564-cvtres.write.1.tlog
C:\Users\lenovo\Desktop\Tema-1 EGC\lab2\Debug\link.5564-rc.read.1.tlog
C:\Users\lenovo\Desktop\Tema-1 EGC\lab2\Debug\link.5564-rc.write.1.tlog
C:\Users\lenovo\Desktop\Tema-1 EGC\lab2\Debug\link.5564.read.1.tlog
C:\Users\lenovo\Desktop\Tema-1 EGC\lab2\Debug\link.5564.write.1.tlog
C:\Users\lenovo\Desktop\Tema-1 EGC\lab2\Debug\link.6156-cvtres.read.1.tlog
C:\Users\lenovo\Desktop\Tema-1 EGC\lab2\Debug\link.6156-cvtres.write.1.tlog
C:\Users\lenovo\Desktop\Tema-1 EGC\lab2\Debug\link.6156-rc.read.1.tlog
C:\Users\lenovo\Desktop\Tema-1 EGC\lab2\Debug\link.6156-rc.write.1.tlog
C:\Users\lenovo\Desktop\Tema-1 EGC\lab2\Debug\link.6156.read.1.tlog
C:\Users\lenovo\Desktop\Tema-1 EGC\lab2\Debug\link.6156.write.1.tlog
C:\Users\lenovo\Desktop\Tema-1 EGC\lab2\Debug\link.6584-cvtres.read.1.tlog
C:\Users\lenovo\Desktop\Tema-1 EGC\lab2\Debug\link.6584-cvtres.write.1.tlog
C:\Users\lenovo\Desktop\Tema-1 EGC\lab2\Debug\link.6584-rc.read.1.tlog
C:\Users\lenovo\Desktop\Tema-1 EGC\lab2\Debug\link.6584-rc.write.1.tlog
C:\Users\lenovo\Desktop\Tema-1 EGC\lab2\Debug\link.6584.read.1.tlog
C:\Users\lenovo\Desktop\Tema-1 EGC\lab2\Debug\link.6584.write.1.tlog
C:\Users\lenovo\Desktop\Tema-1 EGC\lab2\Debug\link.6684-cvtres.read.1.tlog
C:\Users\lenovo\Desktop\Tema-1 EGC\lab2\Debug\link.6684-cvtres.write.1.tlog
C:\Users\lenovo\Desktop\Tema-1 EGC\lab2\Debug\link.6684-rc.read.1.tlog
C:\Users\lenovo\Desktop\Tema-1 EGC\lab2\Debug\link.6684-rc.write.1.tlog
C:\Users\lenovo\Desktop\Tema-1 EGC\lab2\Debug\link.6684.read.1.tlog
C:\Users\lenovo\Desktop\Tema-1 EGC\lab2\Debug\link.6684.write.1.tlog
C:\Users\lenovo\Desktop\Tema-1 EGC\lab2\Debug\link.6776-cvtres.read.1.tlog
C:\Users\lenovo\Desktop\Tema-1 EGC\lab2\Debug\link.6776-cvtres.write.1.tlog
C:\Users\lenovo\Desktop\Tema-1 EGC\lab2\Debug\link.6776-rc.read.1.tlog
C:\Users\lenovo\Desktop\Tema-1 EGC\lab2\Debug\link.6776-rc.write.1.tlog
C:\Users\lenovo\Desktop\Tema-1 EGC\lab2\Debug\link.6776.read.1.tlog
C:\Users\lenovo\Desktop\Tema-1 EGC\lab2\Debug\link.6776.write.1.tlog
C:\Users\lenovo\Desktop\Tema-1 EGC\lab2\Debug\link.6824-cvtres.read.1.tlog
C:\Users\lenovo\Desktop\Tema-1 EGC\lab2\Debug\link.6824-cvtres.write.1.tlog
C:\Users\lenovo\Desktop\Tema-1 EGC\lab2\Debug\link.6824-rc.read.1.tlog
C:\Users\lenovo\Desktop\Tema-1 EGC\lab2\Debug\link.6824-rc.write.1.tlog
C:\Users\lenovo\Desktop\Tema-1 EGC\lab2\Debug\link.6824.read.1.tlog
C:\Users\lenovo\Desktop\Tema-1 EGC\lab2\Debug\link.6824.write.1.tlog
C:\Users\lenovo\Desktop\Tema-1 EGC\lab2\Debug\link.6892-cvtres.read.1.tlog
C:\Users\lenovo\Desktop\Tema-1 EGC\lab2\Debug\link.6892-cvtres.write.1.tlog
C:\Users\lenovo\Desktop\Tema-1 EGC\lab2\Debug\link.6892-rc.read.1.tlog
C:\Users\lenovo\Desktop\Tema-1 EGC\lab2\Debug\link.6892-rc.write.1.tlog
C:\Users\lenovo\Desktop\Tema-1 EGC\lab2\Debug\link.6892.read.1.tlog
C:\Users\lenovo\Desktop\Tema-1 EGC\lab2\Debug\link.6892.write.1.tlog
C:\Users\lenovo\Desktop\Tema-1 EGC\lab2\Debug\link.7068-cvtres.read.1.tlog
C:\Users\lenovo\Desktop\Tema-1 EGC\lab2\Debug\link.7068-cvtres.write.1.tlog
C:\Users\lenovo\Desktop\Tema-1 EGC\lab2\Debug\link.7068-rc.read.1.tlog
C:\Users\lenovo\Desktop\Tema-1 EGC\lab2\Debug\link.7068-rc.write.1.tlog
C:\Users\lenovo\Desktop\Tema-1 EGC\lab2\Debug\link.7068.read.1.tlog
C:\Users\lenovo\Desktop\Tema-1 EGC\lab2\Debug\link.7068.write.1.tlog
C:\Users\lenovo\Desktop\Tema-1 EGC\lab2\Debug\link.7120-cvtres.read.1.tlog
C:\Users\lenovo\Desktop\Tema-1 EGC\lab2\Debug\link.7120-cvtres.write.1.tlog
C:\Users\lenovo\Desktop\Tema-1 EGC\lab2\Debug\link.7120-rc.read.1.tlog
C:\Users\lenovo\Desktop\Tema-1 EGC\lab2\Debug\link.7120-rc.write.1.tlog
C:\Users\lenovo\Desktop\Tema-1 EGC\lab2\Debug\link.7120.read.1.tlog
C:\Users\lenovo\Desktop\Tema-1 EGC\lab2\Debug\link.7120.write.1.tlog
C:\Users\lenovo\Desktop\Tema-1 EGC\lab2\Debug\link.7304-cvtres.read.1.tlog
C:\Users\lenovo\Desktop\Tema-1 EGC\lab2\Debug\link.7304-cvtres.write.1.tlog
C:\Users\lenovo\Desktop\Tema-1 EGC\lab2\Debug\link.7304-rc.read.1.tlog
C:\Users\lenovo\Desktop\Tema-1 EGC\lab2\Debug\link.7304-rc.write.1.tlog
C:\Users\lenovo\Desktop\Tema-1 EGC\lab2\Debug\link.7304.read.1.tlog
C:\Users\lenovo\Desktop\Tema-1 EGC\lab2\Debug\link.7304.write.1.tlog
C:\Users\lenovo\Desktop\Tema-1 EGC\lab2\Debug\link.7440-cvtres.read.1.tlog
C:\Users\lenovo\Desktop\Tema-1 EGC\lab2\Debug\link.7440-cvtres.write.1.tlog
C:\Users\lenovo\Desktop\Tema-1 EGC\lab2\Debug\link.7440-rc.read.1.tlog
C:\Users\lenovo\Desktop\Tema-1 EGC\lab2\Debug\link.7440-rc.write.1.tlog
C:\Users\lenovo\Desktop\Tema-1 EGC\lab2\Debug\link.7440.read.1.tlog
C:\Users\lenovo\Desktop\Tema-1 EGC\lab2\Debug\link.7440.write.1.tlog
C:\Users\lenovo\Desktop\Tema-1 EGC\lab2\Debug\link.command.1.tlog
C:\Users\lenovo\Desktop\Tema-1 EGC\lab2\Debug\link.read.1.tlog
C:\Users\lenovo\Desktop\Tema-1 EGC\lab2\Debug\link.write.1.tlog
C:\Users\lenovo\Desktop\Tema-1 EGC\lab2\Debug\vc110.idb
C:\Users\lenovo\Desktop\Tema-1 EGC\lab2\Debug\vc110.pdb
C:\Users\lenovo\Desktop\Tema-1 EGC\Debug\Tema 1.pdb
C:\Users\lenovo\Desktop\Tema-1 EGC\Debug\Tema 1.ilk
